17:26:15,967  INFO TestContextManager:185 - @TestExecutionListeners is not present for class [class com.pongme.tests.TestRepository]: using defaults.
17:26:16,921  INFO XmlBeanDefinitionReader:315 - Loading XML bean definitions from class path resource [app-context.xml]
17:26:24,322  INFO ClassPathBeanDefinitionScanner:209 - JSR-330 'javax.inject.Named' annotation found and supported for component scanning
17:26:24,658  INFO GenericApplicationContext:495 - Refreshing org.springframework.context.support.GenericApplicationContext@25fa1bb6: startup date [Fri Mar 02 17:26:24 CET 2012]; root of context hierarchy
17:26:33,507  INFO AutowiredAnnotationBeanPostProcessor:139 - JSR-330 'javax.inject.Inject' annotation found and supported for autowiring
17:26:34,502  INFO DefaultListableBeanFactory:557 - Pre-instantiating singletons in org.springframework.beans.factory.support.DefaultListableBeanFactory@f4d5bc9: defining beans [org.springframework.beans.factory.config.CustomEditorConfigurer#0,org.springframework.beans.factory.config.CustomEditorConfigurer#1,mongo,pointRepository,org.springframework.data.repository.core.support.RepositoryInterfaceAwareBeanPostProcessor#0,org.springframework.context.annotation.internalConfigurationAnnotationProcessor,org.springframework.context.annotation.internalAutowiredAnnotationProcessor,org.springframework.context.annotation.internalRequiredAnnotationProcessor,org.springframework.context.annotation.internalCommonAnnotationProcessor,pointEndpoint,dataLoader,mongoTemplate,org.springframework.context.annotation.ConfigurationClassPostProcessor$ImportAwareBeanPostProcessor#0]; root of factory hierarchy
17:26:53,093  INFO GenericApplicationContext:1020 - Closing org.springframework.context.support.GenericApplicationContext@25fa1bb6: startup date [Fri Mar 02 17:26:24 CET 2012]; root of context hierarchy
17:26:53,141  INFO DefaultListableBeanFactory:433 - Destroying singletons in org.springframework.beans.factory.support.DefaultListableBeanFactory@f4d5bc9: defining beans [org.springframework.beans.factory.config.CustomEditorConfigurer#0,org.springframework.beans.factory.config.CustomEditorConfigurer#1,mongo,pointRepository,org.springframework.data.repository.core.support.RepositoryInterfaceAwareBeanPostProcessor#0,org.springframework.context.annotation.internalConfigurationAnnotationProcessor,org.springframework.context.annotation.internalAutowiredAnnotationProcessor,org.springframework.context.annotation.internalRequiredAnnotationProcessor,org.springframework.context.annotation.internalCommonAnnotationProcessor,pointEndpoint,dataLoader,mongoTemplate,org.springframework.context.annotation.ConfigurationClassPostProcessor$ImportAwareBeanPostProcessor#0]; root of factory hierarchy
17:27:07,909  INFO TestContextManager:185 - @TestExecutionListeners is not present for class [class com.pongme.tests.TestRestPointWithJerseyTest]: using defaults.
17:27:13,266  INFO XmlBeanDefinitionReader:315 - Loading XML bean definitions from class path resource [app-context.xml]
17:27:14,498  INFO ClassPathBeanDefinitionScanner:209 - JSR-330 'javax.inject.Named' annotation found and supported for component scanning
17:27:14,557  INFO GenericApplicationContext:495 - Refreshing org.springframework.context.support.GenericApplicationContext@591bd9c9: startup date [Fri Mar 02 17:27:14 CET 2012]; root of context hierarchy
17:27:14,844  INFO AutowiredAnnotationBeanPostProcessor:139 - JSR-330 'javax.inject.Inject' annotation found and supported for autowiring
17:27:14,949  INFO DefaultListableBeanFactory:557 - Pre-instantiating singletons in org.springframework.beans.factory.support.DefaultListableBeanFactory@2377ff35: defining beans [org.springframework.beans.factory.config.CustomEditorConfigurer#0,org.springframework.beans.factory.config.CustomEditorConfigurer#1,mongo,pointRepository,org.springframework.data.repository.core.support.RepositoryInterfaceAwareBeanPostProcessor#0,org.springframework.context.annotation.internalConfigurationAnnotationProcessor,org.springframework.context.annotation.internalAutowiredAnnotationProcessor,org.springframework.context.annotation.internalRequiredAnnotationProcessor,org.springframework.context.annotation.internalCommonAnnotationProcessor,pointEndpoint,dataLoader,mongoTemplate,org.springframework.context.annotation.ConfigurationClassPostProcessor$ImportAwareBeanPostProcessor#0]; root of factory hierarchy
17:27:18,918  INFO GenericApplicationContext:1020 - Closing org.springframework.context.support.GenericApplicationContext@591bd9c9: startup date [Fri Mar 02 17:27:14 CET 2012]; root of context hierarchy
17:27:18,951  INFO DefaultListableBeanFactory:433 - Destroying singletons in org.springframework.beans.factory.support.DefaultListableBeanFactory@2377ff35: defining beans [org.springframework.beans.factory.config.CustomEditorConfigurer#0,org.springframework.beans.factory.config.CustomEditorConfigurer#1,mongo,pointRepository,org.springframework.data.repository.core.support.RepositoryInterfaceAwareBeanPostProcessor#0,org.springframework.context.annotation.internalConfigurationAnnotationProcessor,org.springframework.context.annotation.internalAutowiredAnnotationProcessor,org.springframework.context.annotation.internalRequiredAnnotationProcessor,org.springframework.context.annotation.internalCommonAnnotationProcessor,pointEndpoint,dataLoader,mongoTemplate,org.springframework.context.annotation.ConfigurationClassPostProcessor$ImportAwareBeanPostProcessor#0]; root of factory hierarchy
17:27:20,605  INFO TestContextManager:185 - @TestExecutionListeners is not present for class [class com.pongme.tests.TestPointRestEndPoint]: using defaults.
17:27:20,767  INFO log:? - Logging to org.slf4j.impl.Log4jLoggerAdapter(org.mortbay.log) via org.mortbay.log.Slf4jLog
17:27:20,877  INFO log:? - jetty-6.1.9
17:27:21,249  INFO log:? - NO JSP Support for /, did not find org.apache.jasper.servlet.JspServlet
17:27:21,574  INFO /:? - Initializing Spring root WebApplicationContext
17:27:21,575  INFO ContextLoader:272 - Root WebApplicationContext: initialization started
17:27:21,968  INFO XmlWebApplicationContext:495 - Refreshing Root WebApplicationContext: startup date [Fri Mar 02 17:27:21 CET 2012]; root of context hierarchy
17:27:22,212  INFO XmlBeanDefinitionReader:315 - Loading XML bean definitions from ServletContext resource [/WEB-INF/app-context.xml]
17:27:22,906  INFO ClassPathBeanDefinitionScanner:209 - JSR-330 'javax.inject.Named' annotation found and supported for component scanning
17:27:23,299  INFO AutowiredAnnotationBeanPostProcessor:139 - JSR-330 'javax.inject.Inject' annotation found and supported for autowiring
17:27:23,403  INFO DefaultListableBeanFactory:557 - Pre-instantiating singletons in org.springframework.beans.factory.support.DefaultListableBeanFactory@2a313170: defining beans [org.springframework.beans.factory.config.CustomEditorConfigurer#0,org.springframework.beans.factory.config.CustomEditorConfigurer#1,mongo,pointRepository,org.springframework.data.repository.core.support.RepositoryInterfaceAwareBeanPostProcessor#0,org.springframework.context.annotation.internalConfigurationAnnotationProcessor,org.springframework.context.annotation.internalAutowiredAnnotationProcessor,org.springframework.context.annotation.internalRequiredAnnotationProcessor,org.springframework.context.annotation.internalCommonAnnotationProcessor,pointEndpoint,dataLoader,mongoTemplate,org.springframework.context.annotation.ConfigurationClassPostProcessor$ImportAwareBeanPostProcessor#0]; root of factory hierarchy
17:27:24,438  INFO ContextLoader:301 - Root WebApplicationContext: initialization completed in 2862 ms
17:27:27,447  INFO log:? - Started SocketConnector@0.0.0.0:9000
17:27:27,927  INFO XmlBeanDefinitionReader:315 - Loading XML bean definitions from class path resource [app-context.xml]
17:27:28,109  INFO ClassPathBeanDefinitionScanner:209 - JSR-330 'javax.inject.Named' annotation found and supported for component scanning
17:27:28,130  INFO GenericApplicationContext:495 - Refreshing org.springframework.context.support.GenericApplicationContext@6063f5af: startup date [Fri Mar 02 17:27:28 CET 2012]; root of context hierarchy
17:27:28,184  INFO AutowiredAnnotationBeanPostProcessor:139 - JSR-330 'javax.inject.Inject' annotation found and supported for autowiring
17:27:28,191  INFO DefaultListableBeanFactory:557 - Pre-instantiating singletons in org.springframework.beans.factory.support.DefaultListableBeanFactory@5945a5a: defining beans [org.springframework.beans.factory.config.CustomEditorConfigurer#0,org.springframework.beans.factory.config.CustomEditorConfigurer#1,mongo,pointRepository,org.springframework.data.repository.core.support.RepositoryInterfaceAwareBeanPostProcessor#0,org.springframework.context.annotation.internalConfigurationAnnotationProcessor,org.springframework.context.annotation.internalAutowiredAnnotationProcessor,org.springframework.context.annotation.internalRequiredAnnotationProcessor,org.springframework.context.annotation.internalCommonAnnotationProcessor,pointEndpoint,dataLoader,mongoTemplate,org.springframework.context.annotation.ConfigurationClassPostProcessor$ImportAwareBeanPostProcessor#0]; root of factory hierarchy
17:27:29,479  INFO /:? - Closing Spring root WebApplicationContext
17:27:29,482  INFO XmlWebApplicationContext:1020 - Closing Root WebApplicationContext: startup date [Fri Mar 02 17:27:21 CET 2012]; root of context hierarchy
17:27:29,484  INFO DefaultListableBeanFactory:433 - Destroying singletons in org.springframework.beans.factory.support.DefaultListableBeanFactory@2a313170: defining beans [org.springframework.beans.factory.config.CustomEditorConfigurer#0,org.springframework.beans.factory.config.CustomEditorConfigurer#1,mongo,pointRepository,org.springframework.data.repository.core.support.RepositoryInterfaceAwareBeanPostProcessor#0,org.springframework.context.annotation.internalConfigurationAnnotationProcessor,org.springframework.context.annotation.internalAutowiredAnnotationProcessor,org.springframework.context.annotation.internalRequiredAnnotationProcessor,org.springframework.context.annotation.internalCommonAnnotationProcessor,pointEndpoint,dataLoader,mongoTemplate,org.springframework.context.annotation.ConfigurationClassPostProcessor$ImportAwareBeanPostProcessor#0]; root of factory hierarchy
17:27:29,523  INFO GenericApplicationContext:1020 - Closing org.springframework.context.support.GenericApplicationContext@6063f5af: startup date [Fri Mar 02 17:27:28 CET 2012]; root of context hierarchy
17:27:29,525  INFO DefaultListableBeanFactory:433 - Destroying singletons in org.springframework.beans.factory.support.DefaultListableBeanFactory@5945a5a: defining beans [org.springframework.beans.factory.config.CustomEditorConfigurer#0,org.springframework.beans.factory.config.CustomEditorConfigurer#1,mongo,pointRepository,org.springframework.data.repository.core.support.RepositoryInterfaceAwareBeanPostProcessor#0,org.springframework.context.annotation.internalConfigurationAnnotationProcessor,org.springframework.context.annotation.internalAutowiredAnnotationProcessor,org.springframework.context.annotation.internalRequiredAnnotationProcessor,org.springframework.context.annotation.internalCommonAnnotationProcessor,pointEndpoint,dataLoader,mongoTemplate,org.springframework.context.annotation.ConfigurationClassPostProcessor$ImportAwareBeanPostProcessor#0]; root of factory hierarchy
17:30:08,141  INFO TestContextManager:185 - @TestExecutionListeners is not present for class [class com.pongme.tests.TestRepository]: using defaults.
17:30:08,610  INFO XmlBeanDefinitionReader:315 - Loading XML bean definitions from class path resource [app-context.xml]
17:30:09,688  INFO ClassPathBeanDefinitionScanner:209 - JSR-330 'javax.inject.Named' annotation found and supported for component scanning
17:30:09,754  INFO GenericApplicationContext:495 - Refreshing org.springframework.context.support.GenericApplicationContext@25fa1bb6: startup date [Fri Mar 02 17:30:09 CET 2012]; root of context hierarchy
17:30:10,145  INFO AutowiredAnnotationBeanPostProcessor:139 - JSR-330 'javax.inject.Inject' annotation found and supported for autowiring
17:30:10,265  INFO DefaultListableBeanFactory:557 - Pre-instantiating singletons in org.springframework.beans.factory.support.DefaultListableBeanFactory@1118fa47: defining beans [org.springframework.beans.factory.config.CustomEditorConfigurer#0,org.springframework.beans.factory.config.CustomEditorConfigurer#1,mongo,pointRepository,org.springframework.data.repository.core.support.RepositoryInterfaceAwareBeanPostProcessor#0,org.springframework.context.annotation.internalConfigurationAnnotationProcessor,org.springframework.context.annotation.internalAutowiredAnnotationProcessor,org.springframework.context.annotation.internalRequiredAnnotationProcessor,org.springframework.context.annotation.internalCommonAnnotationProcessor,pointEndpoint,dataLoader,mongoTemplate,org.springframework.context.annotation.ConfigurationClassPostProcessor$ImportAwareBeanPostProcessor#0]; root of factory hierarchy
17:30:20,538  INFO GenericApplicationContext:1020 - Closing org.springframework.context.support.GenericApplicationContext@25fa1bb6: startup date [Fri Mar 02 17:30:09 CET 2012]; root of context hierarchy
17:30:20,541  INFO DefaultListableBeanFactory:433 - Destroying singletons in org.springframework.beans.factory.support.DefaultListableBeanFactory@1118fa47: defining beans [org.springframework.beans.factory.config.CustomEditorConfigurer#0,org.springframework.beans.factory.config.CustomEditorConfigurer#1,mongo,pointRepository,org.springframework.data.repository.core.support.RepositoryInterfaceAwareBeanPostProcessor#0,org.springframework.context.annotation.internalConfigurationAnnotationProcessor,org.springframework.context.annotation.internalAutowiredAnnotationProcessor,org.springframework.context.annotation.internalRequiredAnnotationProcessor,org.springframework.context.annotation.internalCommonAnnotationProcessor,pointEndpoint,dataLoader,mongoTemplate,org.springframework.context.annotation.ConfigurationClassPostProcessor$ImportAwareBeanPostProcessor#0]; root of factory hierarchy
17:30:22,856  INFO TestContextManager:185 - @TestExecutionListeners is not present for class [class com.pongme.tests.TestRestPointWithJerseyTest]: using defaults.
17:30:31,764  INFO XmlBeanDefinitionReader:315 - Loading XML bean definitions from class path resource [app-context.xml]
17:30:34,342  INFO ClassPathBeanDefinitionScanner:209 - JSR-330 'javax.inject.Named' annotation found and supported for component scanning
17:30:34,415  INFO GenericApplicationContext:495 - Refreshing org.springframework.context.support.GenericApplicationContext@23e45a5c: startup date [Fri Mar 02 17:30:34 CET 2012]; root of context hierarchy
17:30:35,017  INFO AutowiredAnnotationBeanPostProcessor:139 - JSR-330 'javax.inject.Inject' annotation found and supported for autowiring
17:30:35,204  INFO DefaultListableBeanFactory:557 - Pre-instantiating singletons in org.springframework.beans.factory.support.DefaultListableBeanFactory@60dc4c81: defining beans [org.springframework.beans.factory.config.CustomEditorConfigurer#0,org.springframework.beans.factory.config.CustomEditorConfigurer#1,mongo,pointRepository,org.springframework.data.repository.core.support.RepositoryInterfaceAwareBeanPostProcessor#0,org.springframework.context.annotation.internalConfigurationAnnotationProcessor,org.springframework.context.annotation.internalAutowiredAnnotationProcessor,org.springframework.context.annotation.internalRequiredAnnotationProcessor,org.springframework.context.annotation.internalCommonAnnotationProcessor,pointEndpoint,dataLoader,mongoTemplate,org.springframework.context.annotation.ConfigurationClassPostProcessor$ImportAwareBeanPostProcessor#0]; root of factory hierarchy
17:31:01,496  INFO GenericApplicationContext:1020 - Closing org.springframework.context.support.GenericApplicationContext@23e45a5c: startup date [Fri Mar 02 17:30:34 CET 2012]; root of context hierarchy
17:31:01,952  INFO DefaultListableBeanFactory:433 - Destroying singletons in org.springframework.beans.factory.support.DefaultListableBeanFactory@60dc4c81: defining beans [org.springframework.beans.factory.config.CustomEditorConfigurer#0,org.springframework.beans.factory.config.CustomEditorConfigurer#1,mongo,pointRepository,org.springframework.data.repository.core.support.RepositoryInterfaceAwareBeanPostProcessor#0,org.springframework.context.annotation.internalConfigurationAnnotationProcessor,org.springframework.context.annotation.internalAutowiredAnnotationProcessor,org.springframework.context.annotation.internalRequiredAnnotationProcessor,org.springframework.context.annotation.internalCommonAnnotationProcessor,pointEndpoint,dataLoader,mongoTemplate,org.springframework.context.annotation.ConfigurationClassPostProcessor$ImportAwareBeanPostProcessor#0]; root of factory hierarchy
17:31:21,326  INFO TestContextManager:185 - @TestExecutionListeners is not present for class [class com.pongme.tests.TestPointRestEndPoint]: using defaults.
17:31:21,759  INFO log:? - Logging to org.slf4j.impl.Log4jLoggerAdapter(org.mortbay.log) via org.mortbay.log.Slf4jLog
17:31:22,002  INFO log:? - jetty-6.1.9
17:31:25,192  INFO log:? - NO JSP Support for /, did not find org.apache.jasper.servlet.JspServlet
17:31:26,789  INFO /:? - Initializing Spring root WebApplicationContext
17:31:26,791  INFO ContextLoader:272 - Root WebApplicationContext: initialization started
17:31:27,310  INFO XmlWebApplicationContext:495 - Refreshing Root WebApplicationContext: startup date [Fri Mar 02 17:31:27 CET 2012]; root of context hierarchy
17:31:27,514  INFO XmlBeanDefinitionReader:315 - Loading XML bean definitions from ServletContext resource [/WEB-INF/app-context.xml]
17:31:28,813  INFO ClassPathBeanDefinitionScanner:209 - JSR-330 'javax.inject.Named' annotation found and supported for component scanning
17:31:29,287  INFO AutowiredAnnotationBeanPostProcessor:139 - JSR-330 'javax.inject.Inject' annotation found and supported for autowiring
17:31:29,448  INFO DefaultListableBeanFactory:557 - Pre-instantiating singletons in org.springframework.beans.factory.support.DefaultListableBeanFactory@72e5355f: defining beans [org.springframework.beans.factory.config.CustomEditorConfigurer#0,org.springframework.beans.factory.config.CustomEditorConfigurer#1,mongo,pointRepository,org.springframework.data.repository.core.support.RepositoryInterfaceAwareBeanPostProcessor#0,org.springframework.context.annotation.internalConfigurationAnnotationProcessor,org.springframework.context.annotation.internalAutowiredAnnotationProcessor,org.springframework.context.annotation.internalRequiredAnnotationProcessor,org.springframework.context.annotation.internalCommonAnnotationProcessor,pointEndpoint,dataLoader,mongoTemplate,org.springframework.context.annotation.ConfigurationClassPostProcessor$ImportAwareBeanPostProcessor#0]; root of factory hierarchy
17:31:32,214  INFO ContextLoader:301 - Root WebApplicationContext: initialization completed in 5423 ms
17:31:36,619  INFO log:? - Started SocketConnector@0.0.0.0:9000
17:31:37,108  INFO XmlBeanDefinitionReader:315 - Loading XML bean definitions from class path resource [app-context.xml]
17:31:37,416  INFO ClassPathBeanDefinitionScanner:209 - JSR-330 'javax.inject.Named' annotation found and supported for component scanning
17:31:37,436  INFO GenericApplicationContext:495 - Refreshing org.springframework.context.support.GenericApplicationContext@4eb7cd92: startup date [Fri Mar 02 17:31:37 CET 2012]; root of context hierarchy
17:31:37,486  INFO AutowiredAnnotationBeanPostProcessor:139 - JSR-330 'javax.inject.Inject' annotation found and supported for autowiring
17:31:37,503  INFO DefaultListableBeanFactory:557 - Pre-instantiating singletons in org.springframework.beans.factory.support.DefaultListableBeanFactory@6e9b86ea: defining beans [org.springframework.beans.factory.config.CustomEditorConfigurer#0,org.springframework.beans.factory.config.CustomEditorConfigurer#1,mongo,pointRepository,org.springframework.data.repository.core.support.RepositoryInterfaceAwareBeanPostProcessor#0,org.springframework.context.annotation.internalConfigurationAnnotationProcessor,org.springframework.context.annotation.internalAutowiredAnnotationProcessor,org.springframework.context.annotation.internalRequiredAnnotationProcessor,org.springframework.context.annotation.internalCommonAnnotationProcessor,pointEndpoint,dataLoader,mongoTemplate,org.springframework.context.annotation.ConfigurationClassPostProcessor$ImportAwareBeanPostProcessor#0]; root of factory hierarchy
17:31:41,713  INFO /:? - Closing Spring root WebApplicationContext
17:31:41,716  INFO XmlWebApplicationContext:1020 - Closing Root WebApplicationContext: startup date [Fri Mar 02 17:31:27 CET 2012]; root of context hierarchy
17:31:41,720  INFO DefaultListableBeanFactory:433 - Destroying singletons in org.springframework.beans.factory.support.DefaultListableBeanFactory@72e5355f: defining beans [org.springframework.beans.factory.config.CustomEditorConfigurer#0,org.springframework.beans.factory.config.CustomEditorConfigurer#1,mongo,pointRepository,org.springframework.data.repository.core.support.RepositoryInterfaceAwareBeanPostProcessor#0,org.springframework.context.annotation.internalConfigurationAnnotationProcessor,org.springframework.context.annotation.internalAutowiredAnnotationProcessor,org.springframework.context.annotation.internalRequiredAnnotationProcessor,org.springframework.context.annotation.internalCommonAnnotationProcessor,pointEndpoint,dataLoader,mongoTemplate,org.springframework.context.annotation.ConfigurationClassPostProcessor$ImportAwareBeanPostProcessor#0]; root of factory hierarchy
17:31:41,836  INFO GenericApplicationContext:1020 - Closing org.springframework.context.support.GenericApplicationContext@4eb7cd92: startup date [Fri Mar 02 17:31:37 CET 2012]; root of context hierarchy
17:31:41,843  INFO DefaultListableBeanFactory:433 - Destroying singletons in org.springframework.beans.factory.support.DefaultListableBeanFactory@6e9b86ea: defining beans [org.springframework.beans.factory.config.CustomEditorConfigurer#0,org.springframework.beans.factory.config.CustomEditorConfigurer#1,mongo,pointRepository,org.springframework.data.repository.core.support.RepositoryInterfaceAwareBeanPostProcessor#0,org.springframework.context.annotation.internalConfigurationAnnotationProcessor,org.springframework.context.annotation.internalAutowiredAnnotationProcessor,org.springframework.context.annotation.internalRequiredAnnotationProcessor,org.springframework.context.annotation.internalCommonAnnotationProcessor,pointEndpoint,dataLoader,mongoTemplate,org.springframework.context.annotation.ConfigurationClassPostProcessor$ImportAwareBeanPostProcessor#0]; root of factory hierarchy
17:35:17,905  INFO TestContextManager:185 - @TestExecutionListeners is not present for class [class com.pongme.tests.TestRepository]: using defaults.
17:35:18,383  INFO XmlBeanDefinitionReader:315 - Loading XML bean definitions from class path resource [app-context.xml]
17:35:19,564  INFO ClassPathBeanDefinitionScanner:209 - JSR-330 'javax.inject.Named' annotation found and supported for component scanning
17:35:19,625  INFO GenericApplicationContext:495 - Refreshing org.springframework.context.support.GenericApplicationContext@47315d34: startup date [Fri Mar 02 17:35:19 CET 2012]; root of context hierarchy
17:35:20,018  INFO AutowiredAnnotationBeanPostProcessor:139 - JSR-330 'javax.inject.Inject' annotation found and supported for autowiring
17:35:20,152  INFO DefaultListableBeanFactory:557 - Pre-instantiating singletons in org.springframework.beans.factory.support.DefaultListableBeanFactory@564ac216: defining beans [org.springframework.beans.factory.config.CustomEditorConfigurer#0,org.springframework.beans.factory.config.CustomEditorConfigurer#1,mongo,pointRepository,org.springframework.data.repository.core.support.RepositoryInterfaceAwareBeanPostProcessor#0,org.springframework.context.annotation.internalConfigurationAnnotationProcessor,org.springframework.context.annotation.internalAutowiredAnnotationProcessor,org.springframework.context.annotation.internalRequiredAnnotationProcessor,org.springframework.context.annotation.internalCommonAnnotationProcessor,pointEndpoint,dataLoader,mongoTemplate,org.springframework.context.annotation.ConfigurationClassPostProcessor$ImportAwareBeanPostProcessor#0]; root of factory hierarchy
17:35:22,682  INFO GenericApplicationContext:1020 - Closing org.springframework.context.support.GenericApplicationContext@47315d34: startup date [Fri Mar 02 17:35:19 CET 2012]; root of context hierarchy
17:35:22,685  INFO DefaultListableBeanFactory:433 - Destroying singletons in org.springframework.beans.factory.support.DefaultListableBeanFactory@564ac216: defining beans [org.springframework.beans.factory.config.CustomEditorConfigurer#0,org.springframework.beans.factory.config.CustomEditorConfigurer#1,mongo,pointRepository,org.springframework.data.repository.core.support.RepositoryInterfaceAwareBeanPostProcessor#0,org.springframework.context.annotation.internalConfigurationAnnotationProcessor,org.springframework.context.annotation.internalAutowiredAnnotationProcessor,org.springframework.context.annotation.internalRequiredAnnotationProcessor,org.springframework.context.annotation.internalCommonAnnotationProcessor,pointEndpoint,dataLoader,mongoTemplate,org.springframework.context.annotation.ConfigurationClassPostProcessor$ImportAwareBeanPostProcessor#0]; root of factory hierarchy
17:35:23,949  INFO TestContextManager:185 - @TestExecutionListeners is not present for class [class com.pongme.tests.TestRestPointWithJerseyTest]: using defaults.
17:35:28,059  INFO XmlBeanDefinitionReader:315 - Loading XML bean definitions from class path resource [app-context.xml]
17:35:28,848  INFO ClassPathBeanDefinitionScanner:209 - JSR-330 'javax.inject.Named' annotation found and supported for component scanning
17:35:28,901  INFO GenericApplicationContext:495 - Refreshing org.springframework.context.support.GenericApplicationContext@4d16318b: startup date [Fri Mar 02 17:35:28 CET 2012]; root of context hierarchy
17:35:29,191  INFO AutowiredAnnotationBeanPostProcessor:139 - JSR-330 'javax.inject.Inject' annotation found and supported for autowiring
17:35:29,286  INFO DefaultListableBeanFactory:557 - Pre-instantiating singletons in org.springframework.beans.factory.support.DefaultListableBeanFactory@2e6f947b: defining beans [org.springframework.beans.factory.config.CustomEditorConfigurer#0,org.springframework.beans.factory.config.CustomEditorConfigurer#1,mongo,pointRepository,org.springframework.data.repository.core.support.RepositoryInterfaceAwareBeanPostProcessor#0,org.springframework.context.annotation.internalConfigurationAnnotationProcessor,org.springframework.context.annotation.internalAutowiredAnnotationProcessor,org.springframework.context.annotation.internalRequiredAnnotationProcessor,org.springframework.context.annotation.internalCommonAnnotationProcessor,pointEndpoint,dataLoader,mongoTemplate,org.springframework.context.annotation.ConfigurationClassPostProcessor$ImportAwareBeanPostProcessor#0]; root of factory hierarchy
17:40:48,455  INFO GenericApplicationContext:1020 - Closing org.springframework.context.support.GenericApplicationContext@4d16318b: startup date [Fri Mar 02 17:35:28 CET 2012]; root of context hierarchy
17:40:48,680  INFO DefaultListableBeanFactory:433 - Destroying singletons in org.springframework.beans.factory.support.DefaultListableBeanFactory@2e6f947b: defining beans [org.springframework.beans.factory.config.CustomEditorConfigurer#0,org.springframework.beans.factory.config.CustomEditorConfigurer#1,mongo,pointRepository,org.springframework.data.repository.core.support.RepositoryInterfaceAwareBeanPostProcessor#0,org.springframework.context.annotation.internalConfigurationAnnotationProcessor,org.springframework.context.annotation.internalAutowiredAnnotationProcessor,org.springframework.context.annotation.internalRequiredAnnotationProcessor,org.springframework.context.annotation.internalCommonAnnotationProcessor,pointEndpoint,dataLoader,mongoTemplate,org.springframework.context.annotation.ConfigurationClassPostProcessor$ImportAwareBeanPostProcessor#0]; root of factory hierarchy
17:56:33,554  INFO ContextLoader:272 - Root WebApplicationContext: initialization started
17:56:33,893  INFO XmlWebApplicationContext:495 - Refreshing Root WebApplicationContext: startup date [Fri Mar 02 17:56:33 CET 2012]; root of context hierarchy
17:56:34,296  INFO XmlBeanDefinitionReader:315 - Loading XML bean definitions from ServletContext resource [/WEB-INF/app-context.xml]
17:56:35,224  INFO ClassPathBeanDefinitionScanner:209 - JSR-330 'javax.inject.Named' annotation found and supported for component scanning
17:56:35,739  INFO AutowiredAnnotationBeanPostProcessor:139 - JSR-330 'javax.inject.Inject' annotation found and supported for autowiring
17:56:35,834  INFO DefaultListableBeanFactory:557 - Pre-instantiating singletons in org.springframework.beans.factory.support.DefaultListableBeanFactory@194d4313: defining beans [org.springframework.beans.factory.config.CustomEditorConfigurer#0,org.springframework.beans.factory.config.CustomEditorConfigurer#1,mongo,pointRepository,org.springframework.data.repository.core.support.RepositoryInterfaceAwareBeanPostProcessor#0,org.springframework.context.annotation.internalConfigurationAnnotationProcessor,org.springframework.context.annotation.internalAutowiredAnnotationProcessor,org.springframework.context.annotation.internalRequiredAnnotationProcessor,org.springframework.context.annotation.internalCommonAnnotationProcessor,pointEndpoint,dataLoader,mongoTemplate,org.springframework.context.annotation.ConfigurationClassPostProcessor$ImportAwareBeanPostProcessor#0]; root of factory hierarchy
17:56:38,087  INFO ContextLoader:301 - Root WebApplicationContext: initialization completed in 4500 ms
18:06:48,524  INFO XmlWebApplicationContext:1020 - Closing Root WebApplicationContext: startup date [Fri Mar 02 17:56:33 CET 2012]; root of context hierarchy
18:06:48,554  INFO DefaultListableBeanFactory:433 - Destroying singletons in org.springframework.beans.factory.support.DefaultListableBeanFactory@194d4313: defining beans [org.springframework.beans.factory.config.CustomEditorConfigurer#0,org.springframework.beans.factory.config.CustomEditorConfigurer#1,mongo,pointRepository,org.springframework.data.repository.core.support.RepositoryInterfaceAwareBeanPostProcessor#0,org.springframework.context.annotation.internalConfigurationAnnotationProcessor,org.springframework.context.annotation.internalAutowiredAnnotationProcessor,org.springframework.context.annotation.internalRequiredAnnotationProcessor,org.springframework.context.annotation.internalCommonAnnotationProcessor,pointEndpoint,dataLoader,mongoTemplate,org.springframework.context.annotation.ConfigurationClassPostProcessor$ImportAwareBeanPostProcessor#0]; root of factory hierarchy
18:07:32,691  INFO TestContextManager:185 - @TestExecutionListeners is not present for class [class com.pongme.tests.TestRepository]: using defaults.
18:07:33,324  INFO XmlBeanDefinitionReader:315 - Loading XML bean definitions from class path resource [app-context.xml]
18:07:34,917  INFO ClassPathBeanDefinitionScanner:209 - JSR-330 'javax.inject.Named' annotation found and supported for component scanning
18:07:34,963  INFO GenericApplicationContext:495 - Refreshing org.springframework.context.support.GenericApplicationContext@25fa1bb6: startup date [Fri Mar 02 18:07:34 CET 2012]; root of context hierarchy
18:07:35,331  INFO AutowiredAnnotationBeanPostProcessor:139 - JSR-330 'javax.inject.Inject' annotation found and supported for autowiring
18:07:35,550  INFO DefaultListableBeanFactory:557 - Pre-instantiating singletons in org.springframework.beans.factory.support.DefaultListableBeanFactory@5c001eb0: defining beans [org.springframework.beans.factory.config.CustomEditorConfigurer#0,org.springframework.beans.factory.config.CustomEditorConfigurer#1,mongo,pointRepository,org.springframework.data.repository.core.support.RepositoryInterfaceAwareBeanPostProcessor#0,org.springframework.context.annotation.internalConfigurationAnnotationProcessor,org.springframework.context.annotation.internalAutowiredAnnotationProcessor,org.springframework.context.annotation.internalRequiredAnnotationProcessor,org.springframework.context.annotation.internalCommonAnnotationProcessor,pointEndpoint,dataLoader,mongoTemplate,org.springframework.context.annotation.ConfigurationClassPostProcessor$ImportAwareBeanPostProcessor#0]; root of factory hierarchy
18:07:39,610  INFO GenericApplicationContext:1020 - Closing org.springframework.context.support.GenericApplicationContext@25fa1bb6: startup date [Fri Mar 02 18:07:34 CET 2012]; root of context hierarchy
18:07:39,613  INFO DefaultListableBeanFactory:433 - Destroying singletons in org.springframework.beans.factory.support.DefaultListableBeanFactory@5c001eb0: defining beans [org.springframework.beans.factory.config.CustomEditorConfigurer#0,org.springframework.beans.factory.config.CustomEditorConfigurer#1,mongo,pointRepository,org.springframework.data.repository.core.support.RepositoryInterfaceAwareBeanPostProcessor#0,org.springframework.context.annotation.internalConfigurationAnnotationProcessor,org.springframework.context.annotation.internalAutowiredAnnotationProcessor,org.springframework.context.annotation.internalRequiredAnnotationProcessor,org.springframework.context.annotation.internalCommonAnnotationProcessor,pointEndpoint,dataLoader,mongoTemplate,org.springframework.context.annotation.ConfigurationClassPostProcessor$ImportAwareBeanPostProcessor#0]; root of factory hierarchy
18:07:43,667  INFO TestContextManager:185 - @TestExecutionListeners is not present for class [class com.pongme.tests.TestPointRestEndPoint]: using defaults.
18:07:43,880  INFO log:? - Logging to org.slf4j.impl.Log4jLoggerAdapter(org.mortbay.log) via org.mortbay.log.Slf4jLog
18:07:44,016  INFO log:? - jetty-6.1.9
18:07:44,556  INFO log:? - NO JSP Support for /, did not find org.apache.jasper.servlet.JspServlet
18:07:44,912  INFO /:? - Initializing Spring root WebApplicationContext
18:07:44,913  INFO ContextLoader:272 - Root WebApplicationContext: initialization started
18:07:45,250  INFO XmlWebApplicationContext:495 - Refreshing Root WebApplicationContext: startup date [Fri Mar 02 18:07:45 CET 2012]; root of context hierarchy
18:07:45,426  INFO XmlBeanDefinitionReader:315 - Loading XML bean definitions from ServletContext resource [/WEB-INF/app-context.xml]
18:07:46,488  INFO ClassPathBeanDefinitionScanner:209 - JSR-330 'javax.inject.Named' annotation found and supported for component scanning
18:07:47,048  INFO AutowiredAnnotationBeanPostProcessor:139 - JSR-330 'javax.inject.Inject' annotation found and supported for autowiring
18:07:47,199  INFO DefaultListableBeanFactory:557 - Pre-instantiating singletons in org.springframework.beans.factory.support.DefaultListableBeanFactory@70e434d: defining beans [org.springframework.beans.factory.config.CustomEditorConfigurer#0,org.springframework.beans.factory.config.CustomEditorConfigurer#1,mongo,pointRepository,org.springframework.data.repository.core.support.RepositoryInterfaceAwareBeanPostProcessor#0,org.springframework.context.annotation.internalConfigurationAnnotationProcessor,org.springframework.context.annotation.internalAutowiredAnnotationProcessor,org.springframework.context.annotation.internalRequiredAnnotationProcessor,org.springframework.context.annotation.internalCommonAnnotationProcessor,pointEndpoint,dataLoader,mongoTemplate,org.springframework.context.annotation.ConfigurationClassPostProcessor$ImportAwareBeanPostProcessor#0]; root of factory hierarchy
18:07:48,454  INFO ContextLoader:301 - Root WebApplicationContext: initialization completed in 3540 ms
18:07:52,110  INFO log:? - Started SocketConnector@0.0.0.0:9000
18:07:52,594  INFO XmlBeanDefinitionReader:315 - Loading XML bean definitions from class path resource [app-context.xml]
18:07:52,818  INFO ClassPathBeanDefinitionScanner:209 - JSR-330 'javax.inject.Named' annotation found and supported for component scanning
18:07:52,834  INFO GenericApplicationContext:495 - Refreshing org.springframework.context.support.GenericApplicationContext@659adc2c: startup date [Fri Mar 02 18:07:52 CET 2012]; root of context hierarchy
18:07:52,860  INFO AutowiredAnnotationBeanPostProcessor:139 - JSR-330 'javax.inject.Inject' annotation found and supported for autowiring
18:07:52,873  INFO DefaultListableBeanFactory:557 - Pre-instantiating singletons in org.springframework.beans.factory.support.DefaultListableBeanFactory@10fa1b2d: defining beans [org.springframework.beans.factory.config.CustomEditorConfigurer#0,org.springframework.beans.factory.config.CustomEditorConfigurer#1,mongo,pointRepository,org.springframework.data.repository.core.support.RepositoryInterfaceAwareBeanPostProcessor#0,org.springframework.context.annotation.internalConfigurationAnnotationProcessor,org.springframework.context.annotation.internalAutowiredAnnotationProcessor,org.springframework.context.annotation.internalRequiredAnnotationProcessor,org.springframework.context.annotation.internalCommonAnnotationProcessor,pointEndpoint,dataLoader,mongoTemplate,org.springframework.context.annotation.ConfigurationClassPostProcessor$ImportAwareBeanPostProcessor#0]; root of factory hierarchy
18:07:54,591  INFO /:? - Closing Spring root WebApplicationContext
18:07:54,593  INFO XmlWebApplicationContext:1020 - Closing Root WebApplicationContext: startup date [Fri Mar 02 18:07:45 CET 2012]; root of context hierarchy
18:07:54,596  INFO DefaultListableBeanFactory:433 - Destroying singletons in org.springframework.beans.factory.support.DefaultListableBeanFactory@70e434d: defining beans [org.springframework.beans.factory.config.CustomEditorConfigurer#0,org.springframework.beans.factory.config.CustomEditorConfigurer#1,mongo,pointRepository,org.springframework.data.repository.core.support.RepositoryInterfaceAwareBeanPostProcessor#0,org.springframework.context.annotation.internalConfigurationAnnotationProcessor,org.springframework.context.annotation.internalAutowiredAnnotationProcessor,org.springframework.context.annotation.internalRequiredAnnotationProcessor,org.springframework.context.annotation.internalCommonAnnotationProcessor,pointEndpoint,dataLoader,mongoTemplate,org.springframework.context.annotation.ConfigurationClassPostProcessor$ImportAwareBeanPostProcessor#0]; root of factory hierarchy
18:07:54,644  INFO GenericApplicationContext:1020 - Closing org.springframework.context.support.GenericApplicationContext@659adc2c: startup date [Fri Mar 02 18:07:52 CET 2012]; root of context hierarchy
18:07:54,647  INFO DefaultListableBeanFactory:433 - Destroying singletons in org.springframework.beans.factory.support.DefaultListableBeanFactory@10fa1b2d: defining beans [org.springframework.beans.factory.config.CustomEditorConfigurer#0,org.springframework.beans.factory.config.CustomEditorConfigurer#1,mongo,pointRepository,org.springframework.data.repository.core.support.RepositoryInterfaceAwareBeanPostProcessor#0,org.springframework.context.annotation.internalConfigurationAnnotationProcessor,org.springframework.context.annotation.internalAutowiredAnnotationProcessor,org.springframework.context.annotation.internalRequiredAnnotationProcessor,org.springframework.context.annotation.internalCommonAnnotationProcessor,pointEndpoint,dataLoader,mongoTemplate,org.springframework.context.annotation.ConfigurationClassPostProcessor$ImportAwareBeanPostProcessor#0]; root of factory hierarchy
18:17:50,077  INFO TestContextManager:185 - @TestExecutionListeners is not present for class [class com.pongme.tests.TestRepository]: using defaults.
18:17:51,033  INFO XmlBeanDefinitionReader:315 - Loading XML bean definitions from class path resource [app-context.xml]
18:17:52,752  INFO ClassPathBeanDefinitionScanner:209 - JSR-330 'javax.inject.Named' annotation found and supported for component scanning
18:17:52,825  INFO GenericApplicationContext:495 - Refreshing org.springframework.context.support.GenericApplicationContext@79de256f: startup date [Fri Mar 02 18:17:52 CET 2012]; root of context hierarchy
18:17:53,365  INFO AutowiredAnnotationBeanPostProcessor:139 - JSR-330 'javax.inject.Inject' annotation found and supported for autowiring
18:17:56,004  INFO DefaultListableBeanFactory:557 - Pre-instantiating singletons in org.springframework.beans.factory.support.DefaultListableBeanFactory@3aa83a13: defining beans [org.springframework.beans.factory.config.CustomEditorConfigurer#0,org.springframework.beans.factory.config.CustomEditorConfigurer#1,mongo,pointRepository,org.springframework.data.repository.core.support.RepositoryInterfaceAwareBeanPostProcessor#0,org.springframework.context.annotation.internalConfigurationAnnotationProcessor,org.springframework.context.annotation.internalAutowiredAnnotationProcessor,org.springframework.context.annotation.internalRequiredAnnotationProcessor,org.springframework.context.annotation.internalCommonAnnotationProcessor,pointEndpoint,dataLoader,mongoTemplate,org.springframework.context.annotation.ConfigurationClassPostProcessor$ImportAwareBeanPostProcessor#0]; root of factory hierarchy
18:18:13,769  INFO GenericApplicationContext:1020 - Closing org.springframework.context.support.GenericApplicationContext@79de256f: startup date [Fri Mar 02 18:17:52 CET 2012]; root of context hierarchy
18:18:13,865  INFO DefaultListableBeanFactory:433 - Destroying singletons in org.springframework.beans.factory.support.DefaultListableBeanFactory@3aa83a13: defining beans [org.springframework.beans.factory.config.CustomEditorConfigurer#0,org.springframework.beans.factory.config.CustomEditorConfigurer#1,mongo,pointRepository,org.springframework.data.repository.core.support.RepositoryInterfaceAwareBeanPostProcessor#0,org.springframework.context.annotation.internalConfigurationAnnotationProcessor,org.springframework.context.annotation.internalAutowiredAnnotationProcessor,org.springframework.context.annotation.internalRequiredAnnotationProcessor,org.springframework.context.annotation.internalCommonAnnotationProcessor,pointEndpoint,dataLoader,mongoTemplate,org.springframework.context.annotation.ConfigurationClassPostProcessor$ImportAwareBeanPostProcessor#0]; root of factory hierarchy
18:18:21,207  INFO TestContextManager:185 - @TestExecutionListeners is not present for class [class com.pongme.tests.TestPointRestEndPoint]: using defaults.
18:18:21,480  INFO log:? - Logging to org.slf4j.impl.Log4jLoggerAdapter(org.mortbay.log) via org.mortbay.log.Slf4jLog
18:18:21,632  INFO log:? - jetty-6.1.9
18:18:22,276  INFO log:? - NO JSP Support for /, did not find org.apache.jasper.servlet.JspServlet
18:18:22,736  INFO /:? - Initializing Spring root WebApplicationContext
18:18:22,737  INFO ContextLoader:272 - Root WebApplicationContext: initialization started
18:18:23,166  INFO XmlWebApplicationContext:495 - Refreshing Root WebApplicationContext: startup date [Fri Mar 02 18:18:23 CET 2012]; root of context hierarchy
18:18:23,379  INFO XmlBeanDefinitionReader:315 - Loading XML bean definitions from ServletContext resource [/WEB-INF/app-context.xml]
18:18:24,352  INFO ClassPathBeanDefinitionScanner:209 - JSR-330 'javax.inject.Named' annotation found and supported for component scanning
18:18:24,933  INFO AutowiredAnnotationBeanPostProcessor:139 - JSR-330 'javax.inject.Inject' annotation found and supported for autowiring
18:18:25,171  INFO DefaultListableBeanFactory:557 - Pre-instantiating singletons in org.springframework.beans.factory.support.DefaultListableBeanFactory@12457d21: defining beans [org.springframework.beans.factory.config.CustomEditorConfigurer#0,org.springframework.beans.factory.config.CustomEditorConfigurer#1,mongo,pointRepository,org.springframework.data.repository.core.support.RepositoryInterfaceAwareBeanPostProcessor#0,org.springframework.context.annotation.internalConfigurationAnnotationProcessor,org.springframework.context.annotation.internalAutowiredAnnotationProcessor,org.springframework.context.annotation.internalRequiredAnnotationProcessor,org.springframework.context.annotation.internalCommonAnnotationProcessor,pointEndpoint,dataLoader,mongoTemplate,org.springframework.context.annotation.ConfigurationClassPostProcessor$ImportAwareBeanPostProcessor#0]; root of factory hierarchy
18:18:27,081  INFO ContextLoader:301 - Root WebApplicationContext: initialization completed in 4343 ms
18:18:31,969  INFO log:? - Started SocketConnector@0.0.0.0:9000
18:18:32,589  INFO XmlBeanDefinitionReader:315 - Loading XML bean definitions from class path resource [app-context.xml]
18:18:32,784  INFO ClassPathBeanDefinitionScanner:209 - JSR-330 'javax.inject.Named' annotation found and supported for component scanning
18:18:32,808  INFO GenericApplicationContext:495 - Refreshing org.springframework.context.support.GenericApplicationContext@432342ed: startup date [Fri Mar 02 18:18:32 CET 2012]; root of context hierarchy
18:18:32,909  INFO AutowiredAnnotationBeanPostProcessor:139 - JSR-330 'javax.inject.Inject' annotation found and supported for autowiring
18:18:32,930  INFO DefaultListableBeanFactory:557 - Pre-instantiating singletons in org.springframework.beans.factory.support.DefaultListableBeanFactory@1d9dbdc4: defining beans [org.springframework.beans.factory.config.CustomEditorConfigurer#0,org.springframework.beans.factory.config.CustomEditorConfigurer#1,mongo,pointRepository,org.springframework.data.repository.core.support.RepositoryInterfaceAwareBeanPostProcessor#0,org.springframework.context.annotation.internalConfigurationAnnotationProcessor,org.springframework.context.annotation.internalAutowiredAnnotationProcessor,org.springframework.context.annotation.internalRequiredAnnotationProcessor,org.springframework.context.annotation.internalCommonAnnotationProcessor,pointEndpoint,dataLoader,mongoTemplate,org.springframework.context.annotation.ConfigurationClassPostProcessor$ImportAwareBeanPostProcessor#0]; root of factory hierarchy
18:18:36,503  INFO /:? - Closing Spring root WebApplicationContext
18:18:36,505  INFO XmlWebApplicationContext:1020 - Closing Root WebApplicationContext: startup date [Fri Mar 02 18:18:23 CET 2012]; root of context hierarchy
18:18:36,508  INFO DefaultListableBeanFactory:433 - Destroying singletons in org.springframework.beans.factory.support.DefaultListableBeanFactory@12457d21: defining beans [org.springframework.beans.factory.config.CustomEditorConfigurer#0,org.springframework.beans.factory.config.CustomEditorConfigurer#1,mongo,pointRepository,org.springframework.data.repository.core.support.RepositoryInterfaceAwareBeanPostProcessor#0,org.springframework.context.annotation.internalConfigurationAnnotationProcessor,org.springframework.context.annotation.internalAutowiredAnnotationProcessor,org.springframework.context.annotation.internalRequiredAnnotationProcessor,org.springframework.context.annotation.internalCommonAnnotationProcessor,pointEndpoint,dataLoader,mongoTemplate,org.springframework.context.annotation.ConfigurationClassPostProcessor$ImportAwareBeanPostProcessor#0]; root of factory hierarchy
18:18:36,726  INFO GenericApplicationContext:1020 - Closing org.springframework.context.support.GenericApplicationContext@432342ed: startup date [Fri Mar 02 18:18:32 CET 2012]; root of context hierarchy
18:18:36,732  INFO DefaultListableBeanFactory:433 - Destroying singletons in org.springframework.beans.factory.support.DefaultListableBeanFactory@1d9dbdc4: defining beans [org.springframework.beans.factory.config.CustomEditorConfigurer#0,org.springframework.beans.factory.config.CustomEditorConfigurer#1,mongo,pointRepository,org.springframework.data.repository.core.support.RepositoryInterfaceAwareBeanPostProcessor#0,org.springframework.context.annotation.internalConfigurationAnnotationProcessor,org.springframework.context.annotation.internalAutowiredAnnotationProcessor,org.springframework.context.annotation.internalRequiredAnnotationProcessor,org.springframework.context.annotation.internalCommonAnnotationProcessor,pointEndpoint,dataLoader,mongoTemplate,org.springframework.context.annotation.ConfigurationClassPostProcessor$ImportAwareBeanPostProcessor#0]; root of factory hierarchy
18:31:35,177  INFO TestContextManager:185 - @TestExecutionListeners is not present for class [class com.pongme.tests.TestRepository]: using defaults.
18:31:36,079  INFO XmlBeanDefinitionReader:315 - Loading XML bean definitions from class path resource [app-context.xml]
18:31:37,985  INFO ClassPathBeanDefinitionScanner:209 - JSR-330 'javax.inject.Named' annotation found and supported for component scanning
18:31:38,131  INFO GenericApplicationContext:495 - Refreshing org.springframework.context.support.GenericApplicationContext@676bd8ea: startup date [Fri Mar 02 18:31:38 CET 2012]; root of context hierarchy
18:31:38,951  INFO AutowiredAnnotationBeanPostProcessor:139 - JSR-330 'javax.inject.Inject' annotation found and supported for autowiring
18:31:39,565  INFO DefaultListableBeanFactory:557 - Pre-instantiating singletons in org.springframework.beans.factory.support.DefaultListableBeanFactory@501ba94d: defining beans [org.springframework.beans.factory.config.CustomEditorConfigurer#0,org.springframework.beans.factory.config.CustomEditorConfigurer#1,mongo,pointRepository,org.springframework.data.repository.core.support.RepositoryInterfaceAwareBeanPostProcessor#0,org.springframework.context.annotation.internalConfigurationAnnotationProcessor,org.springframework.context.annotation.internalAutowiredAnnotationProcessor,org.springframework.context.annotation.internalRequiredAnnotationProcessor,org.springframework.context.annotation.internalCommonAnnotationProcessor,pointEndpoint,dataLoader,mongoTemplate,org.springframework.context.annotation.ConfigurationClassPostProcessor$ImportAwareBeanPostProcessor#0]; root of factory hierarchy
18:31:51,240  INFO GenericApplicationContext:1020 - Closing org.springframework.context.support.GenericApplicationContext@676bd8ea: startup date [Fri Mar 02 18:31:38 CET 2012]; root of context hierarchy
18:31:51,280  INFO DefaultListableBeanFactory:433 - Destroying singletons in org.springframework.beans.factory.support.DefaultListableBeanFactory@501ba94d: defining beans [org.springframework.beans.factory.config.CustomEditorConfigurer#0,org.springframework.beans.factory.config.CustomEditorConfigurer#1,mongo,pointRepository,org.springframework.data.repository.core.support.RepositoryInterfaceAwareBeanPostProcessor#0,org.springframework.context.annotation.internalConfigurationAnnotationProcessor,org.springframework.context.annotation.internalAutowiredAnnotationProcessor,org.springframework.context.annotation.internalRequiredAnnotationProcessor,org.springframework.context.annotation.internalCommonAnnotationProcessor,pointEndpoint,dataLoader,mongoTemplate,org.springframework.context.annotation.ConfigurationClassPostProcessor$ImportAwareBeanPostProcessor#0]; root of factory hierarchy
18:32:01,137  INFO TestContextManager:185 - @TestExecutionListeners is not present for class [class com.pongme.tests.TestPointRestEndPoint]: using defaults.
18:32:01,361  INFO log:? - Logging to org.slf4j.impl.Log4jLoggerAdapter(org.mortbay.log) via org.mortbay.log.Slf4jLog
18:32:01,660  INFO log:? - jetty-6.1.9
18:32:02,345  INFO log:? - NO JSP Support for /, did not find org.apache.jasper.servlet.JspServlet
18:32:03,449  INFO /:? - Initializing Spring root WebApplicationContext
18:32:03,450  INFO ContextLoader:272 - Root WebApplicationContext: initialization started
18:32:03,906  INFO XmlWebApplicationContext:495 - Refreshing Root WebApplicationContext: startup date [Fri Mar 02 18:32:03 CET 2012]; root of context hierarchy
18:32:04,116  INFO XmlBeanDefinitionReader:315 - Loading XML bean definitions from ServletContext resource [/WEB-INF/app-context.xml]
18:32:05,580  INFO ClassPathBeanDefinitionScanner:209 - JSR-330 'javax.inject.Named' annotation found and supported for component scanning
18:32:06,232  INFO AutowiredAnnotationBeanPostProcessor:139 - JSR-330 'javax.inject.Inject' annotation found and supported for autowiring
18:32:06,461  INFO DefaultListableBeanFactory:557 - Pre-instantiating singletons in org.springframework.beans.factory.support.DefaultListableBeanFactory@2e8aeed0: defining beans [org.springframework.beans.factory.config.CustomEditorConfigurer#0,org.springframework.beans.factory.config.CustomEditorConfigurer#1,mongo,pointRepository,org.springframework.data.repository.core.support.RepositoryInterfaceAwareBeanPostProcessor#0,org.springframework.context.annotation.internalConfigurationAnnotationProcessor,org.springframework.context.annotation.internalAutowiredAnnotationProcessor,org.springframework.context.annotation.internalRequiredAnnotationProcessor,org.springframework.context.annotation.internalCommonAnnotationProcessor,pointEndpoint,dataLoader,mongoTemplate,org.springframework.context.annotation.ConfigurationClassPostProcessor$ImportAwareBeanPostProcessor#0]; root of factory hierarchy
18:32:09,132  INFO ContextLoader:301 - Root WebApplicationContext: initialization completed in 5681 ms
18:32:13,490  INFO log:? - Started SocketConnector@0.0.0.0:9000
18:32:14,087  INFO XmlBeanDefinitionReader:315 - Loading XML bean definitions from class path resource [app-context.xml]
18:32:14,412  INFO ClassPathBeanDefinitionScanner:209 - JSR-330 'javax.inject.Named' annotation found and supported for component scanning
18:32:14,428  INFO GenericApplicationContext:495 - Refreshing org.springframework.context.support.GenericApplicationContext@41b9da92: startup date [Fri Mar 02 18:32:14 CET 2012]; root of context hierarchy
18:32:14,465  INFO AutowiredAnnotationBeanPostProcessor:139 - JSR-330 'javax.inject.Inject' annotation found and supported for autowiring
18:32:14,476  INFO DefaultListableBeanFactory:557 - Pre-instantiating singletons in org.springframework.beans.factory.support.DefaultListableBeanFactory@1be2f6b0: defining beans [org.springframework.beans.factory.config.CustomEditorConfigurer#0,org.springframework.beans.factory.config.CustomEditorConfigurer#1,mongo,pointRepository,org.springframework.data.repository.core.support.RepositoryInterfaceAwareBeanPostProcessor#0,org.springframework.context.annotation.internalConfigurationAnnotationProcessor,org.springframework.context.annotation.internalAutowiredAnnotationProcessor,org.springframework.context.annotation.internalRequiredAnnotationProcessor,org.springframework.context.annotation.internalCommonAnnotationProcessor,pointEndpoint,dataLoader,mongoTemplate,org.springframework.context.annotation.ConfigurationClassPostProcessor$ImportAwareBeanPostProcessor#0]; root of factory hierarchy
18:32:16,985  INFO /:? - Closing Spring root WebApplicationContext
18:32:16,988  INFO XmlWebApplicationContext:1020 - Closing Root WebApplicationContext: startup date [Fri Mar 02 18:32:03 CET 2012]; root of context hierarchy
18:32:16,992  INFO DefaultListableBeanFactory:433 - Destroying singletons in org.springframework.beans.factory.support.DefaultListableBeanFactory@2e8aeed0: defining beans [org.springframework.beans.factory.config.CustomEditorConfigurer#0,org.springframework.beans.factory.config.CustomEditorConfigurer#1,mongo,pointRepository,org.springframework.data.repository.core.support.RepositoryInterfaceAwareBeanPostProcessor#0,org.springframework.context.annotation.internalConfigurationAnnotationProcessor,org.springframework.context.annotation.internalAutowiredAnnotationProcessor,org.springframework.context.annotation.internalRequiredAnnotationProcessor,org.springframework.context.annotation.internalCommonAnnotationProcessor,pointEndpoint,dataLoader,mongoTemplate,org.springframework.context.annotation.ConfigurationClassPostProcessor$ImportAwareBeanPostProcessor#0]; root of factory hierarchy
18:32:17,111  INFO GenericApplicationContext:1020 - Closing org.springframework.context.support.GenericApplicationContext@41b9da92: startup date [Fri Mar 02 18:32:14 CET 2012]; root of context hierarchy
18:32:17,136  INFO DefaultListableBeanFactory:433 - Destroying singletons in org.springframework.beans.factory.support.DefaultListableBeanFactory@1be2f6b0: defining beans [org.springframework.beans.factory.config.CustomEditorConfigurer#0,org.springframework.beans.factory.config.CustomEditorConfigurer#1,mongo,pointRepository,org.springframework.data.repository.core.support.RepositoryInterfaceAwareBeanPostProcessor#0,org.springframework.context.annotation.internalConfigurationAnnotationProcessor,org.springframework.context.annotation.internalAutowiredAnnotationProcessor,org.springframework.context.annotation.internalRequiredAnnotationProcessor,org.springframework.context.annotation.internalCommonAnnotationProcessor,pointEndpoint,dataLoader,mongoTemplate,org.springframework.context.annotation.ConfigurationClassPostProcessor$ImportAwareBeanPostProcessor#0]; root of factory hierarchy
18:38:01,661  INFO TestContextManager:185 - @TestExecutionListeners is not present for class [class com.pongme.tests.TestRepository]: using defaults.
18:38:03,020  INFO XmlBeanDefinitionReader:315 - Loading XML bean definitions from class path resource [app-context.xml]
18:38:05,697  INFO ClassPathBeanDefinitionScanner:209 - JSR-330 'javax.inject.Named' annotation found and supported for component scanning
18:38:05,831  INFO GenericApplicationContext:495 - Refreshing org.springframework.context.support.GenericApplicationContext@676bd8ea: startup date [Fri Mar 02 18:38:05 CET 2012]; root of context hierarchy
18:38:06,667  INFO AutowiredAnnotationBeanPostProcessor:139 - JSR-330 'javax.inject.Inject' annotation found and supported for autowiring
18:38:06,956  INFO DefaultListableBeanFactory:557 - Pre-instantiating singletons in org.springframework.beans.factory.support.DefaultListableBeanFactory@f4d5bc9: defining beans [org.springframework.beans.factory.config.CustomEditorConfigurer#0,org.springframework.beans.factory.config.CustomEditorConfigurer#1,mongo,pointRepository,org.springframework.data.repository.core.support.RepositoryInterfaceAwareBeanPostProcessor#0,org.springframework.context.annotation.internalConfigurationAnnotationProcessor,org.springframework.context.annotation.internalAutowiredAnnotationProcessor,org.springframework.context.annotation.internalRequiredAnnotationProcessor,org.springframework.context.annotation.internalCommonAnnotationProcessor,pointEndpoint,dataLoader,mongoTemplate,org.springframework.context.annotation.ConfigurationClassPostProcessor$ImportAwareBeanPostProcessor#0]; root of factory hierarchy
18:38:16,122  INFO GenericApplicationContext:1020 - Closing org.springframework.context.support.GenericApplicationContext@676bd8ea: startup date [Fri Mar 02 18:38:05 CET 2012]; root of context hierarchy
18:38:16,127  INFO DefaultListableBeanFactory:433 - Destroying singletons in org.springframework.beans.factory.support.DefaultListableBeanFactory@f4d5bc9: defining beans [org.springframework.beans.factory.config.CustomEditorConfigurer#0,org.springframework.beans.factory.config.CustomEditorConfigurer#1,mongo,pointRepository,org.springframework.data.repository.core.support.RepositoryInterfaceAwareBeanPostProcessor#0,org.springframework.context.annotation.internalConfigurationAnnotationProcessor,org.springframework.context.annotation.internalAutowiredAnnotationProcessor,org.springframework.context.annotation.internalRequiredAnnotationProcessor,org.springframework.context.annotation.internalCommonAnnotationProcessor,pointEndpoint,dataLoader,mongoTemplate,org.springframework.context.annotation.ConfigurationClassPostProcessor$ImportAwareBeanPostProcessor#0]; root of factory hierarchy
18:38:21,068  INFO TestContextManager:185 - @TestExecutionListeners is not present for class [class com.pongme.tests.TestPointRestEndPoint]: using defaults.
18:38:21,269  INFO log:? - Logging to org.slf4j.impl.Log4jLoggerAdapter(org.mortbay.log) via org.mortbay.log.Slf4jLog
18:38:21,456  INFO log:? - jetty-6.1.9
18:38:22,264  INFO log:? - NO JSP Support for /, did not find org.apache.jasper.servlet.JspServlet
18:38:22,637  INFO /:? - Initializing Spring root WebApplicationContext
18:38:22,638  INFO ContextLoader:272 - Root WebApplicationContext: initialization started
18:38:22,924  INFO XmlWebApplicationContext:495 - Refreshing Root WebApplicationContext: startup date [Fri Mar 02 18:38:22 CET 2012]; root of context hierarchy
18:38:23,392  INFO XmlBeanDefinitionReader:315 - Loading XML bean definitions from ServletContext resource [/WEB-INF/app-context.xml]
18:38:25,672  INFO ClassPathBeanDefinitionScanner:209 - JSR-330 'javax.inject.Named' annotation found and supported for component scanning
18:38:26,182  INFO AutowiredAnnotationBeanPostProcessor:139 - JSR-330 'javax.inject.Inject' annotation found and supported for autowiring
18:38:26,447  INFO DefaultListableBeanFactory:557 - Pre-instantiating singletons in org.springframework.beans.factory.support.DefaultListableBeanFactory@7f11bfbc: defining beans [org.springframework.beans.factory.config.CustomEditorConfigurer#0,org.springframework.beans.factory.config.CustomEditorConfigurer#1,mongo,pointRepository,org.springframework.data.repository.core.support.RepositoryInterfaceAwareBeanPostProcessor#0,org.springframework.context.annotation.internalConfigurationAnnotationProcessor,org.springframework.context.annotation.internalAutowiredAnnotationProcessor,org.springframework.context.annotation.internalRequiredAnnotationProcessor,org.springframework.context.annotation.internalCommonAnnotationProcessor,pointEndpoint,dataLoader,mongoTemplate,org.springframework.context.annotation.ConfigurationClassPostProcessor$ImportAwareBeanPostProcessor#0]; root of factory hierarchy
18:38:29,788  INFO ContextLoader:301 - Root WebApplicationContext: initialization completed in 7148 ms
18:38:35,375  INFO log:? - Started SocketConnector@0.0.0.0:9000
18:38:35,862  INFO XmlBeanDefinitionReader:315 - Loading XML bean definitions from class path resource [app-context.xml]
18:38:36,076  INFO ClassPathBeanDefinitionScanner:209 - JSR-330 'javax.inject.Named' annotation found and supported for component scanning
18:38:36,100  INFO GenericApplicationContext:495 - Refreshing org.springframework.context.support.GenericApplicationContext@2f368c5d: startup date [Fri Mar 02 18:38:36 CET 2012]; root of context hierarchy
18:38:36,203  INFO AutowiredAnnotationBeanPostProcessor:139 - JSR-330 'javax.inject.Inject' annotation found and supported for autowiring
18:38:36,215  INFO DefaultListableBeanFactory:557 - Pre-instantiating singletons in org.springframework.beans.factory.support.DefaultListableBeanFactory@3c9ce70: defining beans [org.springframework.beans.factory.config.CustomEditorConfigurer#0,org.springframework.beans.factory.config.CustomEditorConfigurer#1,mongo,pointRepository,org.springframework.data.repository.core.support.RepositoryInterfaceAwareBeanPostProcessor#0,org.springframework.context.annotation.internalConfigurationAnnotationProcessor,org.springframework.context.annotation.internalAutowiredAnnotationProcessor,org.springframework.context.annotation.internalRequiredAnnotationProcessor,org.springframework.context.annotation.internalCommonAnnotationProcessor,pointEndpoint,dataLoader,mongoTemplate,org.springframework.context.annotation.ConfigurationClassPostProcessor$ImportAwareBeanPostProcessor#0]; root of factory hierarchy
18:38:37,932  INFO /:? - Closing Spring root WebApplicationContext
18:38:37,934  INFO XmlWebApplicationContext:1020 - Closing Root WebApplicationContext: startup date [Fri Mar 02 18:38:22 CET 2012]; root of context hierarchy
18:38:37,935  INFO DefaultListableBeanFactory:433 - Destroying singletons in org.springframework.beans.factory.support.DefaultListableBeanFactory@7f11bfbc: defining beans [org.springframework.beans.factory.config.CustomEditorConfigurer#0,org.springframework.beans.factory.config.CustomEditorConfigurer#1,mongo,pointRepository,org.springframework.data.repository.core.support.RepositoryInterfaceAwareBeanPostProcessor#0,org.springframework.context.annotation.internalConfigurationAnnotationProcessor,org.springframework.context.annotation.internalAutowiredAnnotationProcessor,org.springframework.context.annotation.internalRequiredAnnotationProcessor,org.springframework.context.annotation.internalCommonAnnotationProcessor,pointEndpoint,dataLoader,mongoTemplate,org.springframework.context.annotation.ConfigurationClassPostProcessor$ImportAwareBeanPostProcessor#0]; root of factory hierarchy
18:38:38,074  INFO GenericApplicationContext:1020 - Closing org.springframework.context.support.GenericApplicationContext@2f368c5d: startup date [Fri Mar 02 18:38:36 CET 2012]; root of context hierarchy
18:38:38,079  INFO DefaultListableBeanFactory:433 - Destroying singletons in org.springframework.beans.factory.support.DefaultListableBeanFactory@3c9ce70: defining beans [org.springframework.beans.factory.config.CustomEditorConfigurer#0,org.springframework.beans.factory.config.CustomEditorConfigurer#1,mongo,pointRepository,org.springframework.data.repository.core.support.RepositoryInterfaceAwareBeanPostProcessor#0,org.springframework.context.annotation.internalConfigurationAnnotationProcessor,org.springframework.context.annotation.internalAutowiredAnnotationProcessor,org.springframework.context.annotation.internalRequiredAnnotationProcessor,org.springframework.context.annotation.internalCommonAnnotationProcessor,pointEndpoint,dataLoader,mongoTemplate,org.springframework.context.annotation.ConfigurationClassPostProcessor$ImportAwareBeanPostProcessor#0]; root of factory hierarchy
18:50:26,981  INFO TestContextManager:185 - @TestExecutionListeners is not present for class [class com.pongme.tests.TestRepository]: using defaults.
18:50:30,417  INFO XmlBeanDefinitionReader:315 - Loading XML bean definitions from class path resource [app-context.xml]
18:50:37,931  INFO ClassPathBeanDefinitionScanner:209 - JSR-330 'javax.inject.Named' annotation found and supported for component scanning
18:50:38,053  INFO GenericApplicationContext:495 - Refreshing org.springframework.context.support.GenericApplicationContext@4ce2cb55: startup date [Fri Mar 02 18:50:37 CET 2012]; root of context hierarchy
18:50:39,034  INFO AutowiredAnnotationBeanPostProcessor:139 - JSR-330 'javax.inject.Inject' annotation found and supported for autowiring
18:50:39,914  INFO DefaultListableBeanFactory:557 - Pre-instantiating singletons in org.springframework.beans.factory.support.DefaultListableBeanFactory@19202d69: defining beans [org.springframework.beans.factory.config.CustomEditorConfigurer#0,org.springframework.beans.factory.config.CustomEditorConfigurer#1,mongo,pointRepository,org.springframework.data.repository.core.support.RepositoryInterfaceAwareBeanPostProcessor#0,org.springframework.context.annotation.internalConfigurationAnnotationProcessor,org.springframework.context.annotation.internalAutowiredAnnotationProcessor,org.springframework.context.annotation.internalRequiredAnnotationProcessor,org.springframework.context.annotation.internalCommonAnnotationProcessor,pointEndpoint,dataLoader,mongoTemplate,org.springframework.context.annotation.ConfigurationClassPostProcessor$ImportAwareBeanPostProcessor#0]; root of factory hierarchy
18:50:51,325  INFO GenericApplicationContext:1020 - Closing org.springframework.context.support.GenericApplicationContext@4ce2cb55: startup date [Fri Mar 02 18:50:37 CET 2012]; root of context hierarchy
18:50:51,355  INFO DefaultListableBeanFactory:433 - Destroying singletons in org.springframework.beans.factory.support.DefaultListableBeanFactory@19202d69: defining beans [org.springframework.beans.factory.config.CustomEditorConfigurer#0,org.springframework.beans.factory.config.CustomEditorConfigurer#1,mongo,pointRepository,org.springframework.data.repository.core.support.RepositoryInterfaceAwareBeanPostProcessor#0,org.springframework.context.annotation.internalConfigurationAnnotationProcessor,org.springframework.context.annotation.internalAutowiredAnnotationProcessor,org.springframework.context.annotation.internalRequiredAnnotationProcessor,org.springframework.context.annotation.internalCommonAnnotationProcessor,pointEndpoint,dataLoader,mongoTemplate,org.springframework.context.annotation.ConfigurationClassPostProcessor$ImportAwareBeanPostProcessor#0]; root of factory hierarchy
18:50:58,641  INFO TestContextManager:185 - @TestExecutionListeners is not present for class [class com.pongme.tests.TestPointRestEndPoint]: using defaults.
18:50:58,845  INFO log:? - Logging to org.slf4j.impl.Log4jLoggerAdapter(org.mortbay.log) via org.mortbay.log.Slf4jLog
18:50:59,013  INFO log:? - jetty-6.1.9
18:50:59,942  INFO log:? - NO JSP Support for /, did not find org.apache.jasper.servlet.JspServlet
18:51:00,435  INFO /:? - Initializing Spring root WebApplicationContext
18:51:00,444  INFO ContextLoader:272 - Root WebApplicationContext: initialization started
18:51:01,037  INFO XmlWebApplicationContext:495 - Refreshing Root WebApplicationContext: startup date [Fri Mar 02 18:51:01 CET 2012]; root of context hierarchy
18:51:01,289  INFO XmlBeanDefinitionReader:315 - Loading XML bean definitions from ServletContext resource [/WEB-INF/app-context.xml]
18:51:02,709  INFO ClassPathBeanDefinitionScanner:209 - JSR-330 'javax.inject.Named' annotation found and supported for component scanning
18:51:03,562  INFO AutowiredAnnotationBeanPostProcessor:139 - JSR-330 'javax.inject.Inject' annotation found and supported for autowiring
18:51:03,758  INFO DefaultListableBeanFactory:557 - Pre-instantiating singletons in org.springframework.beans.factory.support.DefaultListableBeanFactory@34c92507: defining beans [org.springframework.beans.factory.config.CustomEditorConfigurer#0,org.springframework.beans.factory.config.CustomEditorConfigurer#1,mongo,pointRepository,org.springframework.data.repository.core.support.RepositoryInterfaceAwareBeanPostProcessor#0,org.springframework.context.annotation.internalConfigurationAnnotationProcessor,org.springframework.context.annotation.internalAutowiredAnnotationProcessor,org.springframework.context.annotation.internalRequiredAnnotationProcessor,org.springframework.context.annotation.internalCommonAnnotationProcessor,pointEndpoint,dataLoader,mongoTemplate,org.springframework.context.annotation.ConfigurationClassPostProcessor$ImportAwareBeanPostProcessor#0]; root of factory hierarchy
18:51:09,773  INFO ContextLoader:301 - Root WebApplicationContext: initialization completed in 9328 ms
18:51:24,265  INFO log:? - Started SocketConnector@0.0.0.0:9000
18:51:25,008  INFO XmlBeanDefinitionReader:315 - Loading XML bean definitions from class path resource [app-context.xml]
18:51:25,362  INFO ClassPathBeanDefinitionScanner:209 - JSR-330 'javax.inject.Named' annotation found and supported for component scanning
18:51:25,419  INFO GenericApplicationContext:495 - Refreshing org.springframework.context.support.GenericApplicationContext@4eb7cd92: startup date [Fri Mar 02 18:51:25 CET 2012]; root of context hierarchy
18:51:25,527  INFO AutowiredAnnotationBeanPostProcessor:139 - JSR-330 'javax.inject.Inject' annotation found and supported for autowiring
18:51:25,553  INFO DefaultListableBeanFactory:557 - Pre-instantiating singletons in org.springframework.beans.factory.support.DefaultListableBeanFactory@5323961b: defining beans [org.springframework.beans.factory.config.CustomEditorConfigurer#0,org.springframework.beans.factory.config.CustomEditorConfigurer#1,mongo,pointRepository,org.springframework.data.repository.core.support.RepositoryInterfaceAwareBeanPostProcessor#0,org.springframework.context.annotation.internalConfigurationAnnotationProcessor,org.springframework.context.annotation.internalAutowiredAnnotationProcessor,org.springframework.context.annotation.internalRequiredAnnotationProcessor,org.springframework.context.annotation.internalCommonAnnotationProcessor,pointEndpoint,dataLoader,mongoTemplate,org.springframework.context.annotation.ConfigurationClassPostProcessor$ImportAwareBeanPostProcessor#0]; root of factory hierarchy
18:51:27,639  INFO /:? - Closing Spring root WebApplicationContext
18:51:27,641  INFO XmlWebApplicationContext:1020 - Closing Root WebApplicationContext: startup date [Fri Mar 02 18:51:01 CET 2012]; root of context hierarchy
18:51:27,644  INFO DefaultListableBeanFactory:433 - Destroying singletons in org.springframework.beans.factory.support.DefaultListableBeanFactory@34c92507: defining beans [org.springframework.beans.factory.config.CustomEditorConfigurer#0,org.springframework.beans.factory.config.CustomEditorConfigurer#1,mongo,pointRepository,org.springframework.data.repository.core.support.RepositoryInterfaceAwareBeanPostProcessor#0,org.springframework.context.annotation.internalConfigurationAnnotationProcessor,org.springframework.context.annotation.internalAutowiredAnnotationProcessor,org.springframework.context.annotation.internalRequiredAnnotationProcessor,org.springframework.context.annotation.internalCommonAnnotationProcessor,pointEndpoint,dataLoader,mongoTemplate,org.springframework.context.annotation.ConfigurationClassPostProcessor$ImportAwareBeanPostProcessor#0]; root of factory hierarchy
18:51:27,766  INFO GenericApplicationContext:1020 - Closing org.springframework.context.support.GenericApplicationContext@4eb7cd92: startup date [Fri Mar 02 18:51:25 CET 2012]; root of context hierarchy
18:51:27,773  INFO DefaultListableBeanFactory:433 - Destroying singletons in org.springframework.beans.factory.support.DefaultListableBeanFactory@5323961b: defining beans [org.springframework.beans.factory.config.CustomEditorConfigurer#0,org.springframework.beans.factory.config.CustomEditorConfigurer#1,mongo,pointRepository,org.springframework.data.repository.core.support.RepositoryInterfaceAwareBeanPostProcessor#0,org.springframework.context.annotation.internalConfigurationAnnotationProcessor,org.springframework.context.annotation.internalAutowiredAnnotationProcessor,org.springframework.context.annotation.internalRequiredAnnotationProcessor,org.springframework.context.annotation.internalCommonAnnotationProcessor,pointEndpoint,dataLoader,mongoTemplate,org.springframework.context.annotation.ConfigurationClassPostProcessor$ImportAwareBeanPostProcessor#0]; root of factory hierarchy
19:08:11,683  INFO TestContextManager:185 - @TestExecutionListeners is not present for class [class com.pongme.tests.TestRepository]: using defaults.
19:08:13,393  INFO XmlBeanDefinitionReader:315 - Loading XML bean definitions from class path resource [app-context.xml]
19:08:20,238  INFO ClassPathBeanDefinitionScanner:209 - JSR-330 'javax.inject.Named' annotation found and supported for component scanning
19:08:20,301  INFO GenericApplicationContext:495 - Refreshing org.springframework.context.support.GenericApplicationContext@79de256f: startup date [Fri Mar 02 19:08:20 CET 2012]; root of context hierarchy
19:08:21,124  INFO AutowiredAnnotationBeanPostProcessor:139 - JSR-330 'javax.inject.Inject' annotation found and supported for autowiring
19:08:23,445  INFO DefaultListableBeanFactory:557 - Pre-instantiating singletons in org.springframework.beans.factory.support.DefaultListableBeanFactory@4bf54c5f: defining beans [org.springframework.beans.factory.config.CustomEditorConfigurer#0,org.springframework.beans.factory.config.CustomEditorConfigurer#1,mongo,pointRepository,org.springframework.data.repository.core.support.RepositoryInterfaceAwareBeanPostProcessor#0,org.springframework.context.annotation.internalConfigurationAnnotationProcessor,org.springframework.context.annotation.internalAutowiredAnnotationProcessor,org.springframework.context.annotation.internalRequiredAnnotationProcessor,org.springframework.context.annotation.internalCommonAnnotationProcessor,pointEndpoint,dataLoader,mongoTemplate,org.springframework.context.annotation.ConfigurationClassPostProcessor$ImportAwareBeanPostProcessor#0]; root of factory hierarchy
19:08:31,811  INFO GenericApplicationContext:1020 - Closing org.springframework.context.support.GenericApplicationContext@79de256f: startup date [Fri Mar 02 19:08:20 CET 2012]; root of context hierarchy
19:08:31,819  INFO DefaultListableBeanFactory:433 - Destroying singletons in org.springframework.beans.factory.support.DefaultListableBeanFactory@4bf54c5f: defining beans [org.springframework.beans.factory.config.CustomEditorConfigurer#0,org.springframework.beans.factory.config.CustomEditorConfigurer#1,mongo,pointRepository,org.springframework.data.repository.core.support.RepositoryInterfaceAwareBeanPostProcessor#0,org.springframework.context.annotation.internalConfigurationAnnotationProcessor,org.springframework.context.annotation.internalAutowiredAnnotationProcessor,org.springframework.context.annotation.internalRequiredAnnotationProcessor,org.springframework.context.annotation.internalCommonAnnotationProcessor,pointEndpoint,dataLoader,mongoTemplate,org.springframework.context.annotation.ConfigurationClassPostProcessor$ImportAwareBeanPostProcessor#0]; root of factory hierarchy
19:08:36,021  INFO TestContextManager:185 - @TestExecutionListeners is not present for class [class com.pongme.tests.TestPointRestEndPoint]: using defaults.
19:08:36,241  INFO log:? - Logging to org.slf4j.impl.Log4jLoggerAdapter(org.mortbay.log) via org.mortbay.log.Slf4jLog
19:08:36,382  INFO log:? - jetty-6.1.9
19:08:37,064  INFO log:? - NO JSP Support for /, did not find org.apache.jasper.servlet.JspServlet
19:08:37,477  INFO /:? - Initializing Spring root WebApplicationContext
19:08:37,478  INFO ContextLoader:272 - Root WebApplicationContext: initialization started
19:08:37,765  INFO XmlWebApplicationContext:495 - Refreshing Root WebApplicationContext: startup date [Fri Mar 02 19:08:37 CET 2012]; root of context hierarchy
19:08:37,927  INFO XmlBeanDefinitionReader:315 - Loading XML bean definitions from ServletContext resource [/WEB-INF/app-context.xml]
19:08:38,870  INFO ClassPathBeanDefinitionScanner:209 - JSR-330 'javax.inject.Named' annotation found and supported for component scanning
19:08:39,342  INFO AutowiredAnnotationBeanPostProcessor:139 - JSR-330 'javax.inject.Inject' annotation found and supported for autowiring
19:08:39,479  INFO DefaultListableBeanFactory:557 - Pre-instantiating singletons in org.springframework.beans.factory.support.DefaultListableBeanFactory@343a9d95: defining beans [org.springframework.beans.factory.config.CustomEditorConfigurer#0,org.springframework.beans.factory.config.CustomEditorConfigurer#1,mongo,pointRepository,org.springframework.data.repository.core.support.RepositoryInterfaceAwareBeanPostProcessor#0,org.springframework.context.annotation.internalConfigurationAnnotationProcessor,org.springframework.context.annotation.internalAutowiredAnnotationProcessor,org.springframework.context.annotation.internalRequiredAnnotationProcessor,org.springframework.context.annotation.internalCommonAnnotationProcessor,pointEndpoint,dataLoader,mongoTemplate,org.springframework.context.annotation.ConfigurationClassPostProcessor$ImportAwareBeanPostProcessor#0]; root of factory hierarchy
19:08:40,643  INFO ContextLoader:301 - Root WebApplicationContext: initialization completed in 3164 ms
19:08:44,350  INFO log:? - Started SocketConnector@0.0.0.0:9000
19:08:44,775  INFO XmlBeanDefinitionReader:315 - Loading XML bean definitions from class path resource [app-context.xml]
19:08:44,912  INFO ClassPathBeanDefinitionScanner:209 - JSR-330 'javax.inject.Named' annotation found and supported for component scanning
19:08:44,930  INFO GenericApplicationContext:495 - Refreshing org.springframework.context.support.GenericApplicationContext@304caadb: startup date [Fri Mar 02 19:08:44 CET 2012]; root of context hierarchy
19:08:44,954  INFO AutowiredAnnotationBeanPostProcessor:139 - JSR-330 'javax.inject.Inject' annotation found and supported for autowiring
19:08:44,969  INFO DefaultListableBeanFactory:557 - Pre-instantiating singletons in org.springframework.beans.factory.support.DefaultListableBeanFactory@5e1645b9: defining beans [org.springframework.beans.factory.config.CustomEditorConfigurer#0,org.springframework.beans.factory.config.CustomEditorConfigurer#1,mongo,pointRepository,org.springframework.data.repository.core.support.RepositoryInterfaceAwareBeanPostProcessor#0,org.springframework.context.annotation.internalConfigurationAnnotationProcessor,org.springframework.context.annotation.internalAutowiredAnnotationProcessor,org.springframework.context.annotation.internalRequiredAnnotationProcessor,org.springframework.context.annotation.internalCommonAnnotationProcessor,pointEndpoint,dataLoader,mongoTemplate,org.springframework.context.annotation.ConfigurationClassPostProcessor$ImportAwareBeanPostProcessor#0]; root of factory hierarchy
19:08:46,430  INFO /:? - Closing Spring root WebApplicationContext
19:08:46,432  INFO XmlWebApplicationContext:1020 - Closing Root WebApplicationContext: startup date [Fri Mar 02 19:08:37 CET 2012]; root of context hierarchy
19:08:46,435  INFO DefaultListableBeanFactory:433 - Destroying singletons in org.springframework.beans.factory.support.DefaultListableBeanFactory@343a9d95: defining beans [org.springframework.beans.factory.config.CustomEditorConfigurer#0,org.springframework.beans.factory.config.CustomEditorConfigurer#1,mongo,pointRepository,org.springframework.data.repository.core.support.RepositoryInterfaceAwareBeanPostProcessor#0,org.springframework.context.annotation.internalConfigurationAnnotationProcessor,org.springframework.context.annotation.internalAutowiredAnnotationProcessor,org.springframework.context.annotation.internalRequiredAnnotationProcessor,org.springframework.context.annotation.internalCommonAnnotationProcessor,pointEndpoint,dataLoader,mongoTemplate,org.springframework.context.annotation.ConfigurationClassPostProcessor$ImportAwareBeanPostProcessor#0]; root of factory hierarchy
19:08:46,447  INFO GenericApplicationContext:1020 - Closing org.springframework.context.support.GenericApplicationContext@304caadb: startup date [Fri Mar 02 19:08:44 CET 2012]; root of context hierarchy
19:08:46,453  INFO DefaultListableBeanFactory:433 - Destroying singletons in org.springframework.beans.factory.support.DefaultListableBeanFactory@5e1645b9: defining beans [org.springframework.beans.factory.config.CustomEditorConfigurer#0,org.springframework.beans.factory.config.CustomEditorConfigurer#1,mongo,pointRepository,org.springframework.data.repository.core.support.RepositoryInterfaceAwareBeanPostProcessor#0,org.springframework.context.annotation.internalConfigurationAnnotationProcessor,org.springframework.context.annotation.internalAutowiredAnnotationProcessor,org.springframework.context.annotation.internalRequiredAnnotationProcessor,org.springframework.context.annotation.internalCommonAnnotationProcessor,pointEndpoint,dataLoader,mongoTemplate,org.springframework.context.annotation.ConfigurationClassPostProcessor$ImportAwareBeanPostProcessor#0]; root of factory hierarchy
